# JRE version: OpenJDK Runtime Environment (8.0_242-b01) (build 1.8.0_242-release-1644-b01)
# Java VM: OpenJDK 64-Bit Server VM (25.242-b01 mixed mode windows-amd64 compressed oops)
Heap:
 PSYoungGen      total 256512K, used 79104K [0x00000000d5580000, 0x00000000e9200000, 0x0000000100000000)
  eden space 238080K, 25% used [0x00000000d5580000,0x00000000d90c50a0,0x00000000e3e00000)
  from space 18432K, 99% used [0x00000000e3e00000,0x00000000e4ffb128,0x00000000e5000000)
  to   space 28672K, 0% used [0x00000000e7600000,0x00000000e7600000,0x00000000e9200000)
 ParOldGen       total 100864K, used 50403K [0x0000000080000000, 0x0000000086280000, 0x00000000d5580000)
  object space 100864K, 49% used [0x0000000080000000,0x0000000083138cd8,0x0000000086280000)
 Metaspace       used 71340K, capacity 74906K, committed 75096K, reserved 1114112K
  class space    used 9651K, capacity 10314K, committed 10368K, reserved 1048576K
GC Heap History (10 events):
Event: 9.390 GC heap before
{Heap before GC invocations=16 (full 2):
 PSYoungGen      total 119296K, used 119288K [0x00000000d5580000, 0x00000000e1300000, 0x0000000100000000)
  eden space 108544K, 100% used [0x00000000d5580000,0x00000000dbf80000,0x00000000dbf80000)
  from space 10752K, 99% used [0x00000000dbf80000,0x00000000dc9fe020,0x00000000dca00000)
  to   space 14336K, 0% used [0x00000000e0500000,0x00000000e0500000,0x00000000e1300000)
 ParOldGen       total 69632K, used 19430K [0x0000000080000000, 0x0000000084400000, 0x00000000d5580000)
  object space 69632K, 27% used [0x0000000080000000,0x00000000812f9848,0x0000000084400000)
 Metaspace       used 55055K, capacity 57216K, committed 57560K, reserved 1099776K
  class space    used 7387K, capacity 7836K, committed 7936K, reserved 1048576K
Event: 9.411 GC heap after
Heap after GC invocations=16 (full 2):
 PSYoungGen      total 177664K, used 13569K [0x00000000d5580000, 0x00000000e1400000, 0x0000000100000000)
  eden space 163328K, 0% used [0x00000000d5580000,0x00000000d5580000,0x00000000df500000)
  from space 14336K, 94% used [0x00000000e0500000,0x00000000e12404f0,0x00000000e1300000)
  to   space 15872K, 0% used [0x00000000df500000,0x00000000df500000,0x00000000e0480000)
 ParOldGen       total 69632K, used 25748K [0x0000000080000000, 0x0000000084400000, 0x00000000d5580000)
  object space 69632K, 36% used [0x0000000080000000,0x0000000081925138,0x0000000084400000)
 Metaspace       used 55055K, capacity 57216K, committed 57560K, reserved 1099776K
  class space    used 7387K, capacity 7836K, committed 7936K, reserved 1048576K
}
Event: 9.835 GC heap before
{Heap before GC invocations=17 (full 2):
 PSYoungGen      total 177664K, used 31481K [0x00000000d5580000, 0x00000000e1400000, 0x0000000100000000)
  eden space 163328K, 10% used [0x00000000d5580000,0x00000000d66fe1a8,0x00000000df500000)
  from space 14336K, 94% used [0x00000000e0500000,0x00000000e12404f0,0x00000000e1300000)
  to   space 15872K, 0% used [0x00000000df500000,0x00000000df500000,0x00000000e0480000)
 ParOldGen       total 69632K, used 25748K [0x0000000080000000, 0x0000000084400000, 0x00000000d5580000)
  object space 69632K, 36% used [0x0000000080000000,0x0000000081925138,0x0000000084400000)
 Metaspace       used 56721K, capacity 58946K, committed 59028K, reserved 1099776K
  class space    used 7683K, capacity 8162K, committed 8192K, reserved 1048576K
Event: 9.851 GC heap after
Heap after GC invocations=17 (full 2):
 PSYoungGen      total 179200K, used 2264K [0x00000000d5580000, 0x00000000e6200000, 0x0000000100000000)
  eden space 163328K, 0% used [0x00000000d5580000,0x00000000d5580000,0x00000000df500000)
  from space 15872K, 14% used [0x00000000df500000,0x00000000df7363c0,0x00000000e0480000)
  to   space 15872K, 0% used [0x00000000e5280000,0x00000000e5280000,0x00000000e6200000)
 ParOldGen       total 69632K, used 32464K [0x0000000080000000, 0x0000000084400000, 0x00000000d5580000)
  object space 69632K, 46% used [0x0000000080000000,0x0000000081fb41b8,0x0000000084400000)
 Metaspace       used 56721K, capacity 58946K, committed 59028K, reserved 1099776K
  class space    used 7683K, capacity 8162K, committed 8192K, reserved 1048576K
}
Event: 9.851 GC heap before
{Heap before GC invocations=18 (full 3):
 PSYoungGen      total 179200K, used 2264K [0x00000000d5580000, 0x00000000e6200000, 0x0000000100000000)
  eden space 163328K, 0% used [0x00000000d5580000,0x00000000d5580000,0x00000000df500000)
  from space 15872K, 14% used [0x00000000df500000,0x00000000df7363c0,0x00000000e0480000)
  to   space 15872K, 0% used [0x00000000e5280000,0x00000000e5280000,0x00000000e6200000)
 ParOldGen       total 69632K, used 32464K [0x0000000080000000, 0x0000000084400000, 0x00000000d5580000)
  object space 69632K, 46% used [0x0000000080000000,0x0000000081fb41b8,0x0000000084400000)
 Metaspace       used 56721K, capacity 58946K, committed 59028K, reserved 1099776K
  class space    used 7683K, capacity 8162K, committed 8192K, reserved 1048576K
Event: 10.184 GC heap after
Heap after GC invocations=18 (full 3):
 PSYoungGen      total 179200K, used 0K [0x00000000d5580000, 0x00000000e6200000, 0x0000000100000000)
  eden space 163328K, 0% used [0x00000000d5580000,0x00000000d5580000,0x00000000df500000)
  from space 15872K, 0% used [0x00000000df500000,0x00000000df500000,0x00000000e0480000)
  to   space 15872K, 0% used [0x00000000e5280000,0x00000000e5280000,0x00000000e6200000)
 ParOldGen       total 100864K, used 30696K [0x0000000080000000, 0x0000000086280000, 0x00000000d5580000)
  object space 100864K, 30% used [0x0000000080000000,0x0000000081dfa020,0x0000000086280000)
 Metaspace       used 56687K, capacity 58832K, committed 59028K, reserved 1099776K
  class space    used 7673K, capacity 8143K, committed 8192K, reserved 1048576K
}
Event: 12.564 GC heap before
{Heap before GC invocations=19 (full 3):
 PSYoungGen      total 179200K, used 163328K [0x00000000d5580000, 0x00000000e6200000, 0x0000000100000000)
  eden space 163328K, 100% used [0x00000000d5580000,0x00000000df500000,0x00000000df500000)
  from space 15872K, 0% used [0x00000000df500000,0x00000000df500000,0x00000000e0480000)
  to   space 15872K, 0% used [0x00000000e5280000,0x00000000e5280000,0x00000000e6200000)
 ParOldGen       total 100864K, used 30696K [0x0000000080000000, 0x0000000086280000, 0x00000000d5580000)
  object space 100864K, 30% used [0x0000000080000000,0x0000000081dfa020,0x0000000086280000)
 Metaspace       used 65865K, capacity 69236K, committed 69464K, reserved 1110016K
  class space    used 9092K, capacity 9735K, committed 9856K, reserved 1048576K
Event: 12.583 GC heap after
Heap after GC invocations=19 (full 3):
 PSYoungGen      total 236544K, used 15864K [0x00000000d5580000, 0x00000000e6200000, 0x0000000100000000)
  eden space 220672K, 0% used [0x00000000d5580000,0x00000000d5580000,0x00000000e2d00000)
  from space 15872K, 99% used [0x00000000e5280000,0x00000000e61fe360,0x00000000e6200000)
  to   space 18432K, 0% used [0x00000000e3e00000,0x00000000e3e00000,0x00000000e5000000)
 ParOldGen       total 100864K, used 30726K [0x0000000080000000, 0x0000000086280000, 0x00000000d5580000)
  object space 100864K, 30% used [0x0000000080000000,0x0000000081e01ae0,0x0000000086280000)
 Metaspace       used 65865K, capacity 69236K, committed 69464K, reserved 1110016K
  class space    used 9092K, capacity 9735K, committed 9856K, reserved 1048576K
}
Event: 17.479 GC heap before
{Heap before GC invocations=20 (full 3):
 PSYoungGen      total 236544K, used 236536K [0x00000000d5580000, 0x00000000e6200000, 0x0000000100000000)
  eden space 220672K, 100% used [0x00000000d5580000,0x00000000e2d00000,0x00000000e2d00000)
  from space 15872K, 99% used [0x00000000e5280000,0x00000000e61fe360,0x00000000e6200000)
  to   space 18432K, 0% used [0x00000000e3e00000,0x00000000e3e00000,0x00000000e5000000)
 ParOldGen       total 100864K, used 30726K [0x0000000080000000, 0x0000000086280000, 0x00000000d5580000)
  object space 100864K, 30% used [0x0000000080000000,0x0000000081e01ae0,0x0000000086280000)
 Metaspace       used 70684K, capacity 74202K, committed 74584K, reserved 1114112K
  class space    used 9578K, capacity 10258K, committed 10368K, reserved 1048576K
Event: 17.504 GC heap after
Heap after GC invocations=20 (full 3):
 PSYoungGen      total 256512K, used 18412K [0x00000000d5580000, 0x00000000e9200000, 0x0000000100000000)
  eden space 238080K, 0% used [0x00000000d5580000,0x00000000d5580000,0x00000000e3e00000)
  from space 18432K, 99% used [0x00000000e3e00000,0x00000000e4ffb128,0x00000000e5000000)
  to   space 28672K, 0% used [0x00000000e7600000,0x00000000e7600000,0x00000000e9200000)
 ParOldGen       total 100864K, used 50403K [0x0000000080000000, 0x0000000086280000, 0x00000000d5580000)
  object space 100864K, 49% used [0x0000000080000000,0x0000000083138cd8,0x0000000086280000)
 Metaspace       used 70684K, capacity 74202K, committed 74584K, reserved 1114112K
  class space    used 9578K, capacity 10258K, committed 10368K, reserved 1048576K
}

