# JRE version: OpenJDK Runtime Environment (8.0_242-b01) (build 1.8.0_242-release-1644-b01)
# Java VM: OpenJDK 64-Bit Server VM (25.242-b01 mixed mode windows-amd64 compressed oops)
Heap:
 PSYoungGen      total 584704K, used 53892K [0x00000000d5580000, 0x00000000fc580000, 0x0000000100000000)
  eden space 530432K, 8% used [0x00000000d5580000,0x00000000d7fdc558,0x00000000f5b80000)
  from space 54272K, 19% used [0x00000000f5b80000,0x00000000f65c4de0,0x00000000f9080000)
  to   space 47104K, 0% used [0x00000000f9780000,0x00000000f9780000,0x00000000fc580000)
 ParOldGen       total 295936K, used 129238K [0x0000000080000000, 0x0000000092100000, 0x00000000d5580000)
  object space 295936K, 43% used [0x0000000080000000,0x0000000087e35b18,0x0000000092100000)
 Metaspace       used 113959K, capacity 119286K, committed 123736K, reserved 1157120K
  class space    used 14473K, capacity 15517K, committed 16512K, reserved 1048576K
GC Heap History (10 events):
Event: 10256.667 GC heap before
{Heap before GC invocations=34 (full 5):
 PSYoungGen      total 465408K, used 410016K [0x00000000d5580000, 0x00000000f5900000, 0x0000000100000000)
  eden space 404480K, 100% used [0x00000000d5580000,0x00000000ee080000,0x00000000ee080000)
  from space 60928K, 9% used [0x00000000f1b80000,0x00000000f20e8010,0x00000000f5700000)
  to   space 60416K, 0% used [0x00000000ee080000,0x00000000ee080000,0x00000000f1b80000)
 ParOldGen       total 295936K, used 112490K [0x0000000080000000, 0x0000000092100000, 0x00000000d5580000)
  object space 295936K, 38% used [0x0000000080000000,0x0000000086ddaa68,0x0000000092100000)
 Metaspace       used 113736K, capacity 119080K, committed 123736K, reserved 1157120K
  class space    used 14472K, capacity 15516K, committed 16512K, reserved 1048576K
Event: 10256.688 GC heap after
Heap after GC invocations=34 (full 5):
 PSYoungGen      total 464896K, used 5304K [0x00000000d5580000, 0x00000000f9500000, 0x0000000100000000)
  eden space 404480K, 0% used [0x00000000d5580000,0x00000000d5580000,0x00000000ee080000)
  from space 60416K, 8% used [0x00000000ee080000,0x00000000ee5ae278,0x00000000f1b80000)
  to   space 59392K, 0% used [0x00000000f5b00000,0x00000000f5b00000,0x00000000f9500000)
 ParOldGen       total 295936K, used 116878K [0x0000000080000000, 0x0000000092100000, 0x00000000d5580000)
  object space 295936K, 39% used [0x0000000080000000,0x0000000087223878,0x0000000092100000)
 Metaspace       used 113736K, capacity 119080K, committed 123736K, reserved 1157120K
  class space    used 14472K, capacity 15516K, committed 16512K, reserved 1048576K
}
Event: 10257.901 GC heap before
{Heap before GC invocations=35 (full 5):
 PSYoungGen      total 464896K, used 409784K [0x00000000d5580000, 0x00000000f9500000, 0x0000000100000000)
  eden space 404480K, 100% used [0x00000000d5580000,0x00000000ee080000,0x00000000ee080000)
  from space 60416K, 8% used [0x00000000ee080000,0x00000000ee5ae278,0x00000000f1b80000)
  to   space 59392K, 0% used [0x00000000f5b00000,0x00000000f5b00000,0x00000000f9500000)
 ParOldGen       total 295936K, used 116878K [0x0000000080000000, 0x0000000092100000, 0x00000000d5580000)
  object space 295936K, 39% used [0x0000000080000000,0x0000000087223878,0x0000000092100000)
 Metaspace       used 113872K, capacity 119222K, committed 123736K, reserved 1157120K
  class space    used 14473K, capacity 15517K, committed 16512K, reserved 1048576K
Event: 10257.918 GC heap after
Heap after GC invocations=35 (full 5):
 PSYoungGen      total 520704K, used 6784K [0x00000000d5580000, 0x00000000f8f00000, 0x0000000100000000)
  eden space 467456K, 0% used [0x00000000d5580000,0x00000000d5580000,0x00000000f1e00000)
  from space 53248K, 12% used [0x00000000f5b00000,0x00000000f61a0000,0x00000000f8f00000)
  to   space 57856K, 0% used [0x00000000f1e00000,0x00000000f1e00000,0x00000000f5680000)
 ParOldGen       total 295936K, used 120953K [0x0000000080000000, 0x0000000092100000, 0x00000000d5580000)
  object space 295936K, 40% used [0x0000000080000000,0x000000008761e7f0,0x0000000092100000)
 Metaspace       used 113872K, capacity 119222K, committed 123736K, reserved 1157120K
  class space    used 14473K, capacity 15517K, committed 16512K, reserved 1048576K
}
Event: 10259.029 GC heap before
{Heap before GC invocations=36 (full 5):
 PSYoungGen      total 520704K, used 474240K [0x00000000d5580000, 0x00000000f8f00000, 0x0000000100000000)
  eden space 467456K, 100% used [0x00000000d5580000,0x00000000f1e00000,0x00000000f1e00000)
  from space 53248K, 12% used [0x00000000f5b00000,0x00000000f61a0000,0x00000000f8f00000)
  to   space 57856K, 0% used [0x00000000f1e00000,0x00000000f1e00000,0x00000000f5680000)
 ParOldGen       total 295936K, used 120953K [0x0000000080000000, 0x0000000092100000, 0x00000000d5580000)
  object space 295936K, 40% used [0x0000000080000000,0x000000008761e7f0,0x0000000092100000)
 Metaspace       used 113905K, capacity 119286K, committed 123736K, reserved 1157120K
  class space    used 14473K, capacity 15517K, committed 16512K, reserved 1048576K
Event: 10259.040 GC heap after
Heap after GC invocations=36 (full 5):
 PSYoungGen      total 525312K, used 2752K [0x00000000d5580000, 0x00000000fcf00000, 0x0000000100000000)
  eden space 467456K, 0% used [0x00000000d5580000,0x00000000d5580000,0x00000000f1e00000)
  from space 57856K, 4% used [0x00000000f1e00000,0x00000000f20b0000,0x00000000f5680000)
  to   space 56832K, 0% used [0x00000000f9780000,0x00000000f9780000,0x00000000fcf00000)
 ParOldGen       total 295936K, used 126798K [0x0000000080000000, 0x0000000092100000, 0x00000000d5580000)
  object space 295936K, 42% used [0x0000000080000000,0x0000000087bd3ae8,0x0000000092100000)
 Metaspace       used 113905K, capacity 119286K, committed 123736K, reserved 1157120K
  class space    used 14473K, capacity 15517K, committed 16512K, reserved 1048576K
}
Event: 10260.808 GC heap before
{Heap before GC invocations=37 (full 5):
 PSYoungGen      total 525312K, used 470208K [0x00000000d5580000, 0x00000000fcf00000, 0x0000000100000000)
  eden space 467456K, 100% used [0x00000000d5580000,0x00000000f1e00000,0x00000000f1e00000)
  from space 57856K, 4% used [0x00000000f1e00000,0x00000000f20b0000,0x00000000f5680000)
  to   space 56832K, 0% used [0x00000000f9780000,0x00000000f9780000,0x00000000fcf00000)
 ParOldGen       total 295936K, used 126798K [0x0000000080000000, 0x0000000092100000, 0x00000000d5580000)
  object space 295936K, 42% used [0x0000000080000000,0x0000000087bd3ae8,0x0000000092100000)
 Metaspace       used 113914K, capacity 119286K, committed 123736K, reserved 1157120K
  class space    used 14473K, capacity 15517K, committed 16512K, reserved 1048576K
Event: 10260.824 GC heap after
Heap after GC invocations=37 (full 5):
 PSYoungGen      total 577536K, used 7456K [0x00000000d5580000, 0x00000000fc580000, 0x0000000100000000)
  eden space 530432K, 0% used [0x00000000d5580000,0x00000000d5580000,0x00000000f5b80000)
  from space 47104K, 15% used [0x00000000f9780000,0x00000000f9ec8000,0x00000000fc580000)
  to   space 54272K, 0% used [0x00000000f5b80000,0x00000000f5b80000,0x00000000f9080000)
 ParOldGen       total 295936K, used 129238K [0x0000000080000000, 0x0000000092100000, 0x00000000d5580000)
  object space 295936K, 43% used [0x0000000080000000,0x0000000087e35b18,0x0000000092100000)
 Metaspace       used 113914K, capacity 119286K, committed 123736K, reserved 1157120K
  class space    used 14473K, capacity 15517K, committed 16512K, reserved 1048576K
}
Event: 10264.752 GC heap before
{Heap before GC invocations=38 (full 5):
 PSYoungGen      total 577536K, used 537888K [0x00000000d5580000, 0x00000000fc580000, 0x0000000100000000)
  eden space 530432K, 100% used [0x00000000d5580000,0x00000000f5b80000,0x00000000f5b80000)
  from space 47104K, 15% used [0x00000000f9780000,0x00000000f9ec8000,0x00000000fc580000)
  to   space 54272K, 0% used [0x00000000f5b80000,0x00000000f5b80000,0x00000000f9080000)
 ParOldGen       total 295936K, used 129238K [0x0000000080000000, 0x0000000092100000, 0x00000000d5580000)
  object space 295936K, 43% used [0x0000000080000000,0x0000000087e35b18,0x0000000092100000)
 Metaspace       used 113954K, capacity 119286K, committed 123736K, reserved 1157120K
  class space    used 14473K, capacity 15517K, committed 16512K, reserved 1048576K
Event: 10264.767 GC heap after
Heap after GC invocations=38 (full 5):
 PSYoungGen      total 584704K, used 10515K [0x00000000d5580000, 0x00000000fc580000, 0x0000000100000000)
  eden space 530432K, 0% used [0x00000000d5580000,0x00000000d5580000,0x00000000f5b80000)
  from space 54272K, 19% used [0x00000000f5b80000,0x00000000f65c4de0,0x00000000f9080000)
  to   space 47104K, 0% used [0x00000000f9780000,0x00000000f9780000,0x00000000fc580000)
 ParOldGen       total 295936K, used 129238K [0x0000000080000000, 0x0000000092100000, 0x00000000d5580000)
  object space 295936K, 43% used [0x0000000080000000,0x0000000087e35b18,0x0000000092100000)
 Metaspace       used 113954K, capacity 119286K, committed 123736K, reserved 1157120K
  class space    used 14473K, capacity 15517K, committed 16512K, reserved 1048576K
}

